<?xml version="1.0" encoding="UTF-8"?>
<robot generator="Robot 4.0.3 (Python 3.9.5 on win32)" generated="20210610 13:23:46.445" rpa="false" schemaversion="2">
<suite id="s1" name="Test" source="C:\Users\Nicolas Saint Julien\Legrand\DLM_light\test.robot">
<test id="s1-t1" name="Test">
<kw name="Log To Console" library="BuiltIn">
<arg>On est dans le test</arg>
<doc>Logs the given message to the console.</doc>
<status status="PASS" starttime="20210610 13:23:46.513" endtime="20210610 13:23:46.513"/>
</kw>
<kw name="Fonction Magique" library="library_test">
<var>${date}</var>
<msg timestamp="20210610 13:23:46.513" level="INFO">${date} = 2021-06-10</msg>
<status status="PASS" starttime="20210610 13:23:46.513" endtime="20210610 13:23:46.514"/>
</kw>
<kw name="Log To Console" library="BuiltIn">
<arg>la date du jour est : ${date}</arg>
<doc>Logs the given message to the console.</doc>
<status status="PASS" starttime="20210610 13:23:46.514" endtime="20210610 13:23:46.514"/>
</kw>
<kw name="Get Time" library="BuiltIn">
<var>${secs}</var>
<arg>epoch</arg>
<doc>Returns the given time in the requested format.</doc>
<msg timestamp="20210610 13:23:46.514" level="INFO">${secs} = 1623324226</msg>
<status status="PASS" starttime="20210610 13:23:46.514" endtime="20210610 13:23:46.514"/>
</kw>
<kw name="Set Variable" library="BuiltIn">
<var>${t1}</var>
<arg>${secs}</arg>
<doc>Returns the given values which can then be assigned to a variables.</doc>
<msg timestamp="20210610 13:23:46.515" level="INFO">${t1} = 1623324226</msg>
<status status="PASS" starttime="20210610 13:23:46.515" endtime="20210610 13:23:46.515"/>
</kw>
<kw name="Log To Console" library="BuiltIn">
<arg>valeure de t1 ${t1}</arg>
<doc>Logs the given message to the console.</doc>
<status status="PASS" starttime="20210610 13:23:46.515" endtime="20210610 13:23:46.516"/>
</kw>
<kw name="Sleep" library="BuiltIn">
<arg>2</arg>
<doc>Pauses the test executed for the given time.</doc>
<msg timestamp="20210610 13:23:48.522" level="INFO">Slept 2 seconds</msg>
<status status="PASS" starttime="20210610 13:23:46.516" endtime="20210610 13:23:48.523"/>
</kw>
<kw name="Get Time" library="BuiltIn">
<var>${secs}</var>
<arg>epoch</arg>
<doc>Returns the given time in the requested format.</doc>
<msg timestamp="20210610 13:23:48.526" level="INFO">${secs} = 1623324228</msg>
<status status="PASS" starttime="20210610 13:23:48.525" endtime="20210610 13:23:48.526"/>
</kw>
<kw name="Set Variable" library="BuiltIn">
<var>${t2}</var>
<arg>${secs}</arg>
<doc>Returns the given values which can then be assigned to a variables.</doc>
<msg timestamp="20210610 13:23:48.529" level="INFO">${t2} = 1623324228</msg>
<status status="PASS" starttime="20210610 13:23:48.527" endtime="20210610 13:23:48.529"/>
</kw>
<kw name="Log To Console" library="BuiltIn">
<arg>valeure de t2 ${t2}</arg>
<doc>Logs the given message to the console.</doc>
<status status="PASS" starttime="20210610 13:23:48.531" endtime="20210610 13:23:48.534"/>
</kw>
<kw name="Evaluate" library="BuiltIn">
<var>${execution_time}</var>
<arg>int(${t2})-int(${t1})</arg>
<doc>Evaluates the given expression in Python and returns the result.</doc>
<msg timestamp="20210610 13:23:48.535" level="INFO">${execution_time} = 2</msg>
<status status="PASS" starttime="20210610 13:23:48.534" endtime="20210610 13:23:48.535"/>
</kw>
<kw name="Log To Console" library="BuiltIn">
<arg>le temps d'execution est de ${execution_time} secondes</arg>
<doc>Logs the given message to the console.</doc>
<status status="PASS" starttime="20210610 13:23:48.535" endtime="20210610 13:23:48.536"/>
</kw>
<kw name="Log To Console" library="BuiltIn">
<arg>${resultat} avant le test</arg>
<doc>Logs the given message to the console.</doc>
<status status="PASS" starttime="20210610 13:23:48.537" endtime="20210610 13:23:48.537"/>
</kw>
<kw name="addition des variables ${a} et ${b}" sourcename="addition des variables ${c} et ${d}">
<var>${resultat}</var>
<kw name="Evaluate" library="BuiltIn">
<var>${valeur}</var>
<arg>int(${c}) + int(${d})</arg>
<doc>Evaluates the given expression in Python and returns the result.</doc>
<msg timestamp="20210610 13:23:48.539" level="INFO">${valeur} = 5</msg>
<status status="PASS" starttime="20210610 13:23:48.539" endtime="20210610 13:23:48.539"/>
</kw>
<msg timestamp="20210610 13:23:48.539" level="INFO">${resultat} = 5</msg>
<status status="PASS" starttime="20210610 13:23:48.538" endtime="20210610 13:23:48.539"/>
</kw>
<kw name="Log To Console" library="BuiltIn">
<arg>${resultat} apres le test</arg>
<doc>Logs the given message to the console.</doc>
<status status="PASS" starttime="20210610 13:23:48.540" endtime="20210610 13:23:48.541"/>
</kw>
<kw name="Should Be Equal" library="BuiltIn">
<arg>${resultat}</arg>
<arg>${5}</arg>
<arg>c'est pas égal à 5, dommage</arg>
<doc>Fails if the given objects are unequal.</doc>
<status status="PASS" starttime="20210610 13:23:48.542" endtime="20210610 13:23:48.543"/>
</kw>
<status status="PASS" starttime="20210610 13:23:46.512" endtime="20210610 13:23:48.543"/>
</test>
<doc>entrainement robotframework via visual studio</doc>
<status status="PASS" starttime="20210610 13:23:46.447" endtime="20210610 13:23:48.544"/>
</suite>
<statistics>
<total>
<stat pass="1" fail="0" skip="0">All Tests</stat>
</total>
<tag>
</tag>
<suite>
<stat pass="1" fail="0" skip="0" id="s1" name="Test">Test</stat>
</suite>
</statistics>
<errors>
</errors>
</robot>
